2021-01-15 15:06:35 WARN  RoleController:35 - EL DATO NO DEBE SER MAYOR A 10 LETRAS
2021-01-15 15:09:32 WARN  RoleService:28 - UNO DE LOS ATRIBUTOS VIENE VACIO O SE PASO DE LIMITE DE CARACTERES
2021-01-15 15:09:32 ERROR RoleService:34 - ERROR INTERNO ENTRO EN EL CATCH DE GUARDAR ROLE
2021-01-15 15:09:32 WARN  RoleController:37 - EROR AL GUARDAR ENTRO EN EL CONTROLLER
2021-01-15 15:14:17 WARN  RoleService:28 - UNO DE LOS ATRIBUTOS VIENE VACIO O SE PASO DE LIMITE DE CARACTERES
2021-01-15 15:14:17 ERROR RoleService:34 - ERROR INTERNO ENTRO EN EL CATCH DE GUARDAR ROLE
2021-01-15 15:14:17 WARN  RoleController:38 - ERROR AL GUARDAR ENTRO EN EL CONTROLLER
2021-01-16 21:59:30 WARN  ClienteServiceImplement:27 - UNO DE LOS ATRIBUTOS VIENE EN NULL
2021-01-16 21:59:30 ERROR ClienteServiceImplement:39 - ENTRO EN EL CATCH DE GUARDAR CLIENTE
2021-01-19 23:06:48 WARN  ClienteServiceImplement:28 - UNO DE LOS ATRIBUTOS VIENE EN NULL
2021-01-19 23:06:48 ERROR ClienteServiceImplement:40 - ENTRO EN EL CATCH DE GUARDAR CLIENTE
2021-01-20 00:41:29 WARN  ClienteServiceImplement:28 - UNO DE LOS ATRIBUTOS VIENE EN NULL
2021-01-20 00:41:29 ERROR ClienteServiceImplement:40 - ENTRO EN EL CATCH DE GUARDAR CLIENTE
2021-01-20 00:41:29 ERROR ClienteController:83 - ENTRO EN EL CATCH DE ACTUALIZAR CLIENTE CONTROLLER
2021-01-20 00:41:38 WARN  ClienteServiceImplement:28 - UNO DE LOS ATRIBUTOS VIENE EN NULL
2021-01-20 00:41:38 ERROR ClienteServiceImplement:40 - ENTRO EN EL CATCH DE GUARDAR CLIENTE
2021-01-20 00:41:38 ERROR ClienteController:83 - ENTRO EN EL CATCH DE ACTUALIZAR CLIENTE CONTROLLER
2021-01-20 00:42:15 WARN  ClienteServiceImplement:28 - UNO DE LOS ATRIBUTOS VIENE EN NULL
2021-01-20 00:42:15 ERROR ClienteServiceImplement:40 - ENTRO EN EL CATCH DE GUARDAR CLIENTE
2021-01-20 00:42:15 ERROR ClienteController:83 - ENTRO EN EL CATCH DE ACTUALIZAR CLIENTE CONTROLLER
2021-01-20 00:42:20 WARN  ClienteServiceImplement:28 - UNO DE LOS ATRIBUTOS VIENE EN NULL
2021-01-20 00:42:20 ERROR ClienteServiceImplement:40 - ENTRO EN EL CATCH DE GUARDAR CLIENTE
2021-01-20 00:42:20 ERROR ClienteController:83 - ENTRO EN EL CATCH DE ACTUALIZAR CLIENTE CONTROLLER
2021-01-20 00:42:38 WARN  ClienteServiceImplement:28 - UNO DE LOS ATRIBUTOS VIENE EN NULL
2021-01-20 00:42:38 ERROR ClienteServiceImplement:40 - ENTRO EN EL CATCH DE GUARDAR CLIENTE
2021-01-20 00:42:38 ERROR ClienteController:83 - ENTRO EN EL CATCH DE ACTUALIZAR CLIENTE CONTROLLER
2021-01-20 00:52:45 WARN  ClienteServiceImplement:28 - UNO DE LOS ATRIBUTOS VIENE EN NULL
2021-01-20 00:52:46 ERROR ClienteServiceImplement:40 - ENTRO EN EL CATCH DE GUARDAR CLIENTE
2021-01-20 00:52:46 ERROR ClienteController:84 - ENTRO EN EL CATCH DE ACTUALIZAR CLIENTE CONTROLLER
2021-01-20 00:55:19 WARN  ClienteServiceImplement:28 - UNO DE LOS ATRIBUTOS VIENE EN NULL
2021-01-20 00:55:19 ERROR ClienteServiceImplement:40 - ENTRO EN EL CATCH DE GUARDAR CLIENTE
2021-01-20 00:55:19 ERROR ClienteController:83 - ENTRO EN EL CATCH DE ACTUALIZAR CLIENTE CONTROLLER
2021-01-20 01:07:31 WARN  ClienteServiceImplement:28 - UNO DE LOS ATRIBUTOS VIENE EN NULL
2021-01-20 01:07:31 ERROR ClienteServiceImplement:40 - ENTRO EN EL CATCH DE GUARDAR CLIENTE
2021-01-20 01:07:31 ERROR ClienteController:84 - ENTRO EN EL CATCH DE ACTUALIZAR CLIENTE CONTROLLER
2021-01-20 01:09:37 WARN  ClienteServiceImplement:28 - UNO DE LOS ATRIBUTOS VIENE EN NULL
2021-01-20 01:09:37 ERROR ClienteServiceImplement:40 - ENTRO EN EL CATCH DE GUARDAR CLIENTE
2021-01-20 01:09:37 ERROR ClienteController:84 - ENTRO EN EL CATCH DE ACTUALIZAR CLIENTE CONTROLLER
2021-01-20 09:19:56 WARN  ClienteServiceImplement:28 - UNO DE LOS ATRIBUTOS VIENE EN NULL
2021-01-20 09:19:56 ERROR ClienteServiceImplement:40 - ENTRO EN EL CATCH DE GUARDAR CLIENTE
2021-01-20 09:19:56 ERROR ClienteController:86 - ENTRO EN EL CATCH DE ACTUALIZAR CLIENTE CONTROLLER
